This is XeTeX, Version 3.14159265-2.6-0.99999 (MiKTeX 2.9.6930 64-bit) (preloaded format=xelatex 2019.6.13)  25 JUN 2019 23:57
entering extended mode
**./bookdown_ebusiness.tex
(bookdown_ebusiness.tex
LaTeX2e <2018-12-01>

("C:\Users\Robert-Asus\AppData\Local\Programs\MiKTeX 2.9\tex/latex/base\book.cl
s"
Document Class: book 2018/09/03 v1.4i Standard LaTeX document class

("C:\Users\Robert-Asus\AppData\Local\Programs\MiKTeX 2.9\tex/latex/base\bk10.cl
o"
File: bk10.clo 2018/09/03 v1.4i Standard LaTeX file (size option)
)
\c@part=\count80
\c@chapter=\count81
\c@section=\count82
\c@subsection=\count83
\c@subsubsection=\count84
\c@paragraph=\count85
\c@subparagraph=\count86
\c@figure=\count87
\c@table=\count88
\abovecaptionskip=\skip41
\belowcaptionskip=\skip42
\bibindent=\dimen102
)
("C:\Users\Robert-Asus\AppData\Local\Programs\MiKTeX 2.9\tex/latex/lm\lmodern.s
ty"
Package: lmodern 2009/10/30 v1.6 Latin Modern Fonts
LaTeX Font Info:    Overwriting symbol font `operators' in version `normal'
(Font)                  OT1/cmr/m/n --> OT1/lmr/m/n on input line 22.
LaTeX Font Info:    Overwriting symbol font `letters' in version `normal'
(Font)                  OML/cmm/m/it --> OML/lmm/m/it on input line 23.
LaTeX Font Info:    Overwriting symbol font `symbols' in version `normal'
(Font)                  OMS/cmsy/m/n --> OMS/lmsy/m/n on input line 24.
LaTeX Font Info:    Overwriting symbol font `largesymbols' in version `normal'
(Font)                  OMX/cmex/m/n --> OMX/lmex/m/n on input line 25.
LaTeX Font Info:    Overwriting symbol font `operators' in version `bold'
(Font)                  OT1/cmr/bx/n --> OT1/lmr/bx/n on input line 26.
LaTeX Font Info:    Overwriting symbol font `letters' in version `bold'
(Font)                  OML/cmm/b/it --> OML/lmm/b/it on input line 27.
LaTeX Font Info:    Overwriting symbol font `symbols' in version `bold'
(Font)                  OMS/cmsy/b/n --> OMS/lmsy/b/n on input line 28.
LaTeX Font Info:    Overwriting symbol font `largesymbols' in version `bold'
(Font)                  OMX/cmex/m/n --> OMX/lmex/m/n on input line 29.
LaTeX Font Info:    Overwriting math alphabet `\mathbf' in version `normal'
(Font)                  OT1/cmr/bx/n --> OT1/lmr/bx/n on input line 31.
LaTeX Font Info:    Overwriting math alphabet `\mathsf' in version `normal'
(Font)                  OT1/cmss/m/n --> OT1/lmss/m/n on input line 32.
LaTeX Font Info:    Overwriting math alphabet `\mathit' in version `normal'
(Font)                  OT1/cmr/m/it --> OT1/lmr/m/it on input line 33.
LaTeX Font Info:    Overwriting math alphabet `\mathtt' in version `normal'
(Font)                  OT1/cmtt/m/n --> OT1/lmtt/m/n on input line 34.
LaTeX Font Info:    Overwriting math alphabet `\mathbf' in version `bold'
(Font)                  OT1/cmr/bx/n --> OT1/lmr/bx/n on input line 35.
LaTeX Font Info:    Overwriting math alphabet `\mathsf' in version `bold'
(Font)                  OT1/cmss/bx/n --> OT1/lmss/bx/n on input line 36.
LaTeX Font Info:    Overwriting math alphabet `\mathit' in version `bold'
(Font)                  OT1/cmr/bx/it --> OT1/lmr/bx/it on input line 37.
LaTeX Font Info:    Overwriting math alphabet `\mathtt' in version `bold'
(Font)                  OT1/cmtt/m/n --> OT1/lmtt/m/n on input line 38.
)
("C:\Users\Robert-Asus\AppData\Local\Programs\MiKTeX 2.9\tex/latex/amsfonts\ams
symb.sty"
Package: amssymb 2013/01/14 v3.01 AMS font symbols

("C:\Users\Robert-Asus\AppData\Local\Programs\MiKTeX 2.9\tex/latex/amsfonts\ams
fonts.sty"
Package: amsfonts 2013/01/14 v3.01 Basic AMSFonts support
\@emptytoks=\toks14
\symAMSa=\mathgroup4
\symAMSb=\mathgroup5
LaTeX Font Info:    Overwriting math alphabet `\mathfrak' in version `bold'
(Font)                  U/euf/m/n --> U/euf/b/n on input line 106.
))
("C:\Users\Robert-Asus\AppData\Local\Programs\MiKTeX 2.9\tex/latex/amsmath\amsm
ath.sty"
Package: amsmath 2018/12/01 v2.17b AMS math features
\@mathmargin=\skip43
For additional information on amsmath, use the `?' option.

("C:\Users\Robert-Asus\AppData\Local\Programs\MiKTeX 2.9\tex/latex/amsmath\amst
ext.sty"
Package: amstext 2000/06/29 v2.01 AMS text

("C:\Users\Robert-Asus\AppData\Local\Programs\MiKTeX 2.9\tex/latex/amsmath\amsg
en.sty"
File: amsgen.sty 1999/11/30 v2.0 generic functions
\@emptytoks=\toks15
\ex@=\dimen103
))
("C:\Users\Robert-Asus\AppData\Local\Programs\MiKTeX 2.9\tex/latex/amsmath\amsb
sy.sty"
Package: amsbsy 1999/11/29 v1.2d Bold Symbols
\pmbraise@=\dimen104
)
("C:\Users\Robert-Asus\AppData\Local\Programs\MiKTeX 2.9\tex/latex/amsmath\amso
pn.sty"
Package: amsopn 2016/03/08 v2.02 operator names
)
\inf@bad=\count89
LaTeX Info: Redefining \frac on input line 223.
\uproot@=\count90
\leftroot@=\count91
LaTeX Info: Redefining \overline on input line 385.
\classnum@=\count92
\DOTSCASE@=\count93
LaTeX Info: Redefining \ldots on input line 482.
LaTeX Info: Redefining \dots on input line 485.
LaTeX Info: Redefining \cdots on input line 606.
\Mathstrutbox@=\box27
\strutbox@=\box28
\big@size=\dimen105
LaTeX Font Info:    Redeclaring font encoding OML on input line 729.
LaTeX Font Info:    Redeclaring font encoding OMS on input line 730.
\macc@depth=\count94
\c@MaxMatrixCols=\count95
\dotsspace@=\muskip10
\c@parentequation=\count96
\dspbrk@lvl=\count97
\tag@help=\toks16
\row@=\count98
\column@=\count99
\maxfields@=\count100
\andhelp@=\toks17
\eqnshift@=\dimen106
\alignsep@=\dimen107
\tagshift@=\dimen108
\tagwidth@=\dimen109
\totwidth@=\dimen110
\lineht@=\dimen111
\@envbody=\toks18
\multlinegap=\skip44
\multlinetaggap=\skip45
\mathdisplay@stack=\toks19
LaTeX Info: Redefining \[ on input line 2844.
LaTeX Info: Redefining \] on input line 2845.
)
("C:\Users\Robert-Asus\AppData\Local\Programs\MiKTeX 2.9\tex/generic/ifxetex\if
xetex.sty"
Package: ifxetex 2010/09/12 v0.6 Provides ifxetex conditional
)
("C:\Users\Robert-Asus\AppData\Local\Programs\MiKTeX 2.9\tex/generic/oberdiek\i
fluatex.sty"
Package: ifluatex 2016/05/16 v1.4 Provides the ifluatex switch (HO)
Package ifluatex Info: LuaTeX not detected.
)
("C:\Users\Robert-Asus\AppData\Local\Programs\MiKTeX 2.9\tex/latex/base\fixltx2
e.sty"
Package: fixltx2e 2016/12/29 v2.1a fixes to LaTeX (obsolete)
Applying: [2015/01/01] Old fixltx2e package on input line 46.

Package fixltx2e Warning: fixltx2e is not required with releases after 2015
(fixltx2e)                All fixes are now in the LaTeX kernel.
(fixltx2e)                See the latexrelease package for details.

Already applied: [0000/00/00] Old fixltx2e package on input line 53.
)
("C:\Users\Robert-Asus\AppData\Local\Programs\MiKTeX 2.9\tex/xelatex/mathspec\m
athspec.sty"
Package: mathspec 2016/12/22 v0.2b LaTeX Package (Mathematics font selection fo
r XeLaTeX)

("C:\Users\Robert-Asus\AppData\Local\Programs\MiKTeX 2.9\tex/latex/etoolbox\eto
olbox.sty"
Package: etoolbox 2018/08/19 v2.5f e-TeX tools for LaTeX (JAW)
\etb@tempcnta=\count101
)
("C:\Users\Robert-Asus\AppData\Local\Programs\MiKTeX 2.9\tex/latex/fontspec\fon
tspec.sty"
("C:\Users\Robert-Asus\AppData\Local\Programs\MiKTeX 2.9\tex/latex/l3packages/x
parse\xparse.sty"
("C:\Users\Robert-Asus\AppData\Local\Programs\MiKTeX 2.9\tex/latex/l3kernel\exp
l3.sty"
Package: expl3 2019-05-28 L3 programming layer (loader) 

("C:\Users\Robert-Asus\AppData\Local\Programs\MiKTeX 2.9\tex/latex/l3kernel\exp
l3-code.tex"
Package: expl3 2019-05-28 L3 programming layer (code)
\c_max_int=\count102
\l_tmpa_int=\count103
\l_tmpb_int=\count104
\g_tmpa_int=\count105
\g_tmpb_int=\count106
\g__kernel_prg_map_int=\count107
\c__ior_term_ior=\count108
\c_log_iow=\count109
\l_iow_line_count_int=\count110
\l__iow_line_target_int=\count111
\l__iow_one_indent_int=\count112
\l__iow_indent_int=\count113
\c_zero_dim=\dimen112
\c_max_dim=\dimen113
\l_tmpa_dim=\dimen114
\l_tmpb_dim=\dimen115
\g_tmpa_dim=\dimen116
\g_tmpb_dim=\dimen117
\c_zero_skip=\skip46
\c_max_skip=\skip47
\l_tmpa_skip=\skip48
\l_tmpb_skip=\skip49
\g_tmpa_skip=\skip50
\g_tmpb_skip=\skip51
\c_zero_muskip=\muskip11
\c_max_muskip=\muskip12
\l_tmpa_muskip=\muskip13
\l_tmpb_muskip=\muskip14
\g_tmpa_muskip=\muskip15
\g_tmpb_muskip=\muskip16
\l_keys_choice_int=\count114
\l__intarray_loop_int=\count115
\c__intarray_sp_dim=\dimen118
\g__intarray_font_int=\count116
\c__fp_leading_shift_int=\count117
\c__fp_middle_shift_int=\count118
\c__fp_trailing_shift_int=\count119
\c__fp_big_leading_shift_int=\count120
\c__fp_big_middle_shift_int=\count121
\c__fp_big_trailing_shift_int=\count122
\c__fp_Bigg_leading_shift_int=\count123
\c__fp_Bigg_middle_shift_int=\count124
\c__fp_Bigg_trailing_shift_int=\count125
\g__fp_array_int=\count126
\l__fp_array_loop_int=\count127
\l__sort_length_int=\count128
\l__sort_min_int=\count129
\l__sort_top_int=\count130
\l__sort_max_int=\count131
\l__sort_true_max_int=\count132
\l__sort_block_int=\count133
\l__sort_begin_int=\count134
\l__sort_end_int=\count135
\l__sort_A_int=\count136
\l__sort_B_int=\count137
\l__sort_C_int=\count138
\l__tl_analysis_normal_int=\count139
\l__tl_analysis_index_int=\count140
\l__tl_analysis_nesting_int=\count141
\l__tl_analysis_type_int=\count142
\l__regex_internal_a_int=\count143
\l__regex_internal_b_int=\count144
\l__regex_internal_c_int=\count145
\l__regex_balance_int=\count146
\l__regex_group_level_int=\count147
\l__regex_mode_int=\count148
\c__regex_cs_in_class_mode_int=\count149
\c__regex_cs_mode_int=\count150
\l__regex_catcodes_int=\count151
\l__regex_default_catcodes_int=\count152
\c__regex_catcode_L_int=\count153
\c__regex_catcode_O_int=\count154
\c__regex_catcode_A_int=\count155
\c__regex_all_catcodes_int=\count156
\l__regex_show_lines_int=\count157
\l__regex_min_state_int=\count158
\l__regex_max_state_int=\count159
\l__regex_left_state_int=\count160
\l__regex_right_state_int=\count161
\l__regex_capturing_group_int=\count162
\l__regex_min_pos_int=\count163
\l__regex_max_pos_int=\count164
\l__regex_curr_pos_int=\count165
\l__regex_start_pos_int=\count166
\l__regex_success_pos_int=\count167
\l__regex_curr_char_int=\count168
\l__regex_curr_catcode_int=\count169
\l__regex_last_char_int=\count170
\l__regex_case_changed_char_int=\count171
\l__regex_curr_state_int=\count172
\l__regex_step_int=\count173
\l__regex_min_active_int=\count174
\l__regex_max_active_int=\count175
\l__regex_replacement_csnames_int=\count176
\l__regex_match_count_int=\count177
\l__regex_min_submatch_int=\count178
\l__regex_submatch_int=\count179
\l__regex_zeroth_submatch_int=\count180
\g__regex_trace_regex_int=\count181
\c_empty_box=\box29
\l_tmpa_box=\box30
\l_tmpb_box=\box31
\g_tmpa_box=\box32
\g_tmpb_box=\box33
\l__box_top_dim=\dimen119
\l__box_bottom_dim=\dimen120
\l__box_left_dim=\dimen121
\l__box_right_dim=\dimen122
\l__box_top_new_dim=\dimen123
\l__box_bottom_new_dim=\dimen124
\l__box_left_new_dim=\dimen125
\l__box_right_new_dim=\dimen126
\l__box_internal_box=\box34
\l__coffin_internal_box=\box35
\l__coffin_internal_dim=\dimen127
\l__coffin_offset_x_dim=\dimen128
\l__coffin_offset_y_dim=\dimen129
\l__coffin_x_dim=\dimen130
\l__coffin_y_dim=\dimen131
\l__coffin_x_prime_dim=\dimen132
\l__coffin_y_prime_dim=\dimen133
\c_empty_coffin=\box36
\l__coffin_aligned_coffin=\box37
\l__coffin_aligned_internal_coffin=\box38
\l_tmpa_coffin=\box39
\l_tmpb_coffin=\box40
\g_tmpa_coffin=\box41
\g_tmpb_coffin=\box42
\l__coffin_bounding_shift_dim=\dimen134
\l__coffin_left_corner_dim=\dimen135
\l__coffin_right_corner_dim=\dimen136
\l__coffin_bottom_corner_dim=\dimen137
\l__coffin_top_corner_dim=\dimen138
\l__coffin_scaled_total_height_dim=\dimen139
\l__coffin_scaled_width_dim=\dimen140
\c__coffin_empty_coffin=\box43
\l__coffin_display_coffin=\box44
\l__coffin_display_coord_coffin=\box45
\l__coffin_display_pole_coffin=\box46
\l__coffin_display_offset_dim=\dimen141
\l__coffin_display_x_dim=\dimen142
\l__coffin_display_y_dim=\dimen143
\g__file_internal_ior=\read1
\l__seq_internal_a_int=\count182
\l__seq_internal_b_int=\count183
\c__deprecation_minus_one=\count184
)
("C:\Users\Robert-Asus\AppData\Local\Programs\MiKTeX 2.9\tex/latex/l3kernel\l3x
dvipdfmx.def"
File: l3xdvipdfmx.def 2019-04-06 v L3 Experimental driver: xdvipdfmx
\l__driver_internal_box=\box47
\g__driver_graphics_int=\count185
\g__driver_pdf_object_int=\count186
\g__driver_pdf_annotation_int=\count187
))
Package: xparse 2019-05-28 L3 Experimental document command parser
\l__xparse_current_arg_int=\count188
\g__xparse_grabber_int=\count189
\l__xparse_m_args_int=\count190
\l__xparse_v_nesting_int=\count191
)
Package: fontspec 2018/07/30 vv2.6h Font selection for XeLaTeX and LuaLaTeX

("C:\Users\Robert-Asus\AppData\Local\Programs\MiKTeX 2.9\tex/latex/fontspec\fon
tspec-xetex.sty"
Package: fontspec-xetex 2018/07/30 vv2.6h Font selection for XeLaTeX and LuaLaT
eX
\l__fontspec_script_int=\count192
\l__fontspec_language_int=\count193
\l__fontspec_strnum_int=\count194
\l__fontspec_tmp_int=\count195
\l__fontspec_em_int=\count196
\l__fontspec_emdef_int=\count197
\l__fontspec_strong_int=\count198
\l__fontspec_strongdef_int=\count199
\l__fontspec_tmpa_dim=\dimen144
\l__fontspec_tmpb_dim=\dimen145
\l__fontspec_tmpc_dim=\dimen146

("C:\Users\Robert-Asus\AppData\Local\Programs\MiKTeX 2.9\tex/latex/base\fontenc
.sty"
Package: fontenc 2018/08/11 v2.0j Standard LaTeX package

("C:\Users\Robert-Asus\AppData\Local\Programs\MiKTeX 2.9\tex/latex/base\tuenc.d
ef"
File: tuenc.def 2018/08/11 v2.0j Standard LaTeX file
LaTeX Font Info:    Redeclaring font encoding TU on input line 82.
))
("C:\Users\Robert-Asus\AppData\Local\Programs\MiKTeX 2.9\tex/latex/fontspec\fon
tspec.cfg")
LaTeX Info: Redefining \itshape on input line 3910.
LaTeX Info: Redefining \slshape on input line 3915.
LaTeX Info: Redefining \scshape on input line 3920.
LaTeX Info: Redefining \upshape on input line 3925.
LaTeX Info: Redefining \em on input line 3955.
LaTeX Info: Redefining \emph on input line 3980.
LaTeX Info: Redefining \- on input line 4034.
))
("C:\Users\Robert-Asus\AppData\Local\Programs\MiKTeX 2.9\tex/latex/xkeyval\xkey
val.sty"
Package: xkeyval 2014/12/03 v2.7a package option processing (HA)

("C:\Users\Robert-Asus\AppData\Local\Programs\MiKTeX 2.9\tex/generic/xkeyval\xk
eyval.tex"
("C:\Users\Robert-Asus\AppData\Local\Programs\MiKTeX 2.9\tex/generic/xkeyval\xk
vutils.tex"
\XKV@toks=\toks20
\XKV@tempa@toks=\toks21

("C:\Users\Robert-Asus\AppData\Local\Programs\MiKTeX 2.9\tex/generic/xkeyval\ke
yval.tex"))
\XKV@depth=\count266
File: xkeyval.tex 2014/12/03 v2.7a key=value parser (HA)
))
\c@eu@=\count267
\c@eu@i=\count268
\c@mkern=\count269
)
("C:\Users\Robert-Asus\AppData\Local\Programs\MiKTeX 2.9\tex/latex/upquote\upqu
ote.sty"
Package: upquote 2012/04/19 v1.3 upright-quote and grave-accent glyphs in verba
tim

("C:\Users\Robert-Asus\AppData\Local\Programs\MiKTeX 2.9\tex/latex/base\textcom
p.sty"
Package: textcomp 2018/08/11 v2.0j Standard LaTeX package
Package textcomp Info: Sub-encoding information:
(textcomp)               5 = only ISO-Adobe without \textcurrency
(textcomp)               4 = 5 + \texteuro
(textcomp)               3 = 4 + \textohm
(textcomp)               2 = 3 + \textestimated + \textcurrency
(textcomp)               1 = TS1 - \textcircled - \t
(textcomp)               0 = TS1 (full)
(textcomp)             Font families with sub-encoding setting implement
(textcomp)             only a restricted character set as indicated.
(textcomp)             Family '?' is the default used for unknown fonts.
(textcomp)             See the documentation for details.
Package textcomp Info: Setting ? sub-encoding to TS1/1 on input line 79.

("C:\Users\Robert-Asus\AppData\Local\Programs\MiKTeX 2.9\tex/latex/base\ts1enc.
def"
File: ts1enc.def 2001/06/05 v3.0e (jk/car/fm) Standard LaTeX file
)
LaTeX Info: Redefining \oldstylenums on input line 334.
Package textcomp Info: Setting cmr sub-encoding to TS1/0 on input line 349.
Package textcomp Info: Setting cmss sub-encoding to TS1/0 on input line 350.
Package textcomp Info: Setting cmtt sub-encoding to TS1/0 on input line 351.
Package textcomp Info: Setting cmvtt sub-encoding to TS1/0 on input line 352.
Package textcomp Info: Setting cmbr sub-encoding to TS1/0 on input line 353.
Package textcomp Info: Setting cmtl sub-encoding to TS1/0 on input line 354.
Package textcomp Info: Setting ccr sub-encoding to TS1/0 on input line 355.
Package textcomp Info: Setting ptm sub-encoding to TS1/4 on input line 356.
Package textcomp Info: Setting pcr sub-encoding to TS1/4 on input line 357.
Package textcomp Info: Setting phv sub-encoding to TS1/4 on input line 358.
Package textcomp Info: Setting ppl sub-encoding to TS1/3 on input line 359.
Package textcomp Info: Setting pag sub-encoding to TS1/4 on input line 360.
Package textcomp Info: Setting pbk sub-encoding to TS1/4 on input line 361.
Package textcomp Info: Setting pnc sub-encoding to TS1/4 on input line 362.
Package textcomp Info: Setting pzc sub-encoding to TS1/4 on input line 363.
Package textcomp Info: Setting bch sub-encoding to TS1/4 on input line 364.
Package textcomp Info: Setting put sub-encoding to TS1/5 on input line 365.
Package textcomp Info: Setting uag sub-encoding to TS1/5 on input line 366.
Package textcomp Info: Setting ugq sub-encoding to TS1/5 on input line 367.
Package textcomp Info: Setting ul8 sub-encoding to TS1/4 on input line 368.
Package textcomp Info: Setting ul9 sub-encoding to TS1/4 on input line 369.
Package textcomp Info: Setting augie sub-encoding to TS1/5 on input line 370.
Package textcomp Info: Setting dayrom sub-encoding to TS1/3 on input line 371.
Package textcomp Info: Setting dayroms sub-encoding to TS1/3 on input line 372.

Package textcomp Info: Setting pxr sub-encoding to TS1/0 on input line 373.
Package textcomp Info: Setting pxss sub-encoding to TS1/0 on input line 374.
Package textcomp Info: Setting pxtt sub-encoding to TS1/0 on input line 375.
Package textcomp Info: Setting txr sub-encoding to TS1/0 on input line 376.
Package textcomp Info: Setting txss sub-encoding to TS1/0 on input line 377.
Package textcomp Info: Setting txtt sub-encoding to TS1/0 on input line 378.
Package textcomp Info: Setting lmr sub-encoding to TS1/0 on input line 379.
Package textcomp Info: Setting lmdh sub-encoding to TS1/0 on input line 380.
Package textcomp Info: Setting lmss sub-encoding to TS1/0 on input line 381.
Package textcomp Info: Setting lmssq sub-encoding to TS1/0 on input line 382.
Package textcomp Info: Setting lmvtt sub-encoding to TS1/0 on input line 383.
Package textcomp Info: Setting lmtt sub-encoding to TS1/0 on input line 384.
Package textcomp Info: Setting qhv sub-encoding to TS1/0 on input line 385.
Package textcomp Info: Setting qag sub-encoding to TS1/0 on input line 386.
Package textcomp Info: Setting qbk sub-encoding to TS1/0 on input line 387.
Package textcomp Info: Setting qcr sub-encoding to TS1/0 on input line 388.
Package textcomp Info: Setting qcs sub-encoding to TS1/0 on input line 389.
Package textcomp Info: Setting qpl sub-encoding to TS1/0 on input line 390.
Package textcomp Info: Setting qtm sub-encoding to TS1/0 on input line 391.
Package textcomp Info: Setting qzc sub-encoding to TS1/0 on input line 392.
Package textcomp Info: Setting qhvc sub-encoding to TS1/0 on input line 393.
Package textcomp Info: Setting futs sub-encoding to TS1/4 on input line 394.
Package textcomp Info: Setting futx sub-encoding to TS1/4 on input line 395.
Package textcomp Info: Setting futj sub-encoding to TS1/4 on input line 396.
Package textcomp Info: Setting hlh sub-encoding to TS1/3 on input line 397.
Package textcomp Info: Setting hls sub-encoding to TS1/3 on input line 398.
Package textcomp Info: Setting hlst sub-encoding to TS1/3 on input line 399.
Package textcomp Info: Setting hlct sub-encoding to TS1/5 on input line 400.
Package textcomp Info: Setting hlx sub-encoding to TS1/5 on input line 401.
Package textcomp Info: Setting hlce sub-encoding to TS1/5 on input line 402.
Package textcomp Info: Setting hlcn sub-encoding to TS1/5 on input line 403.
Package textcomp Info: Setting hlcw sub-encoding to TS1/5 on input line 404.
Package textcomp Info: Setting hlcf sub-encoding to TS1/5 on input line 405.
Package textcomp Info: Setting pplx sub-encoding to TS1/3 on input line 406.
Package textcomp Info: Setting pplj sub-encoding to TS1/3 on input line 407.
Package textcomp Info: Setting ptmx sub-encoding to TS1/4 on input line 408.
Package textcomp Info: Setting ptmj sub-encoding to TS1/4 on input line 409.
))
("C:\Users\Robert-Asus\AppData\Local\Programs\MiKTeX 2.9\tex/latex/microtype\mi
crotype.sty"
Package: microtype 2019/02/28 v2.7b Micro-typographical refinements (RS)
\MT@toks=\toks22
\MT@count=\count270
LaTeX Info: Redefining \textls on input line 790.
\MT@outer@kern=\dimen147
LaTeX Info: Redefining \textmicrotypecontext on input line 1336.
\MT@listname@count=\count271

("C:\Users\Robert-Asus\AppData\Local\Programs\MiKTeX 2.9\tex/latex/microtype\mi
crotype-xetex.def"
File: microtype-xetex.def 2019/02/28 v2.7b Definitions specific to xetex (RS)
LaTeX Info: Redefining \lsstyle on input line 258.
)
Package microtype Info: Loading configuration file microtype.cfg.

("C:\Users\Robert-Asus\AppData\Local\Programs\MiKTeX 2.9\tex/latex/microtype\mi
crotype.cfg"
File: microtype.cfg 2019/02/28 v2.7b microtype main configuration file (RS)
))
("C:\Users\Robert-Asus\AppData\Local\Programs\MiKTeX 2.9\tex/latex/hyperref\hyp
erref.sty"
Package: hyperref 2018/11/30 v6.88e Hypertext links for LaTeX

("C:\Users\Robert-Asus\AppData\Local\Programs\MiKTeX 2.9\tex/generic/oberdiek\h
obsub-hyperref.sty"
Package: hobsub-hyperref 2016/05/16 v1.14 Bundle oberdiek, subset hyperref (HO)


("C:\Users\Robert-Asus\AppData\Local\Programs\MiKTeX 2.9\tex/generic/oberdiek\h
obsub-generic.sty"
Package: hobsub-generic 2016/05/16 v1.14 Bundle oberdiek, subset generic (HO)
Package: hobsub 2016/05/16 v1.14 Construct package bundles (HO)
Package: infwarerr 2016/05/16 v1.4 Providing info/warning/error messages (HO)
Package: ltxcmds 2016/05/16 v1.23 LaTeX kernel commands for general use (HO)
Package hobsub Info: Skipping package `ifluatex' (already loaded).
Package: ifvtex 2016/05/16 v1.6 Detect VTeX and its facilities (HO)
Package ifvtex Info: VTeX not detected.
Package: intcalc 2016/05/16 v1.2 Expandable calculations with integers (HO)
Package: ifpdf 2018/09/07 v3.3 Provides the ifpdf switch
Package: etexcmds 2016/05/16 v1.6 Avoid name clashes with e-TeX commands (HO)
Package: kvsetkeys 2016/05/16 v1.17 Key value parser (HO)
Package: kvdefinekeys 2016/05/16 v1.4 Define keys (HO)
Package: pdftexcmds 2018/09/10 v0.29 Utility functions of pdfTeX for LuaTeX (HO
)
Package pdftexcmds Info: LuaTeX not detected.
Package pdftexcmds Info: pdfTeX >= 1.30 not detected.
Package pdftexcmds Info: \pdf@primitive is available.
Package pdftexcmds Info: \pdf@ifprimitive is available.
Package pdftexcmds Info: \pdfdraftmode not found.
Package: pdfescape 2016/05/16 v1.14 Implements pdfTeX's escape features (HO)
Package: bigintcalc 2016/05/16 v1.4 Expandable calculations on big integers (HO
)
Package: bitset 2016/05/16 v1.2 Handle bit-vector datatype (HO)
Package: uniquecounter 2016/05/16 v1.3 Provide unlimited unique counter (HO)
)
Package hobsub Info: Skipping package `hobsub' (already loaded).
Package: letltxmacro 2016/05/16 v1.5 Let assignment for LaTeX macros (HO)
Package: hopatch 2016/05/16 v1.3 Wrapper for package hooks (HO)
Package: xcolor-patch 2016/05/16 xcolor patch
Package: atveryend 2016/05/16 v1.9 Hooks at the very end of document (HO)
Package: atbegshi 2016/06/09 v1.18 At begin shipout hook (HO)
Package: refcount 2016/05/16 v3.5 Data extraction from label references (HO)
Package: hycolor 2016/05/16 v1.8 Color options for hyperref/bookmark (HO)
)
("C:\Users\Robert-Asus\AppData\Local\Programs\MiKTeX 2.9\tex/latex/oberdiek\aux
hook.sty"
Package: auxhook 2016/05/16 v1.4 Hooks for auxiliary files (HO)
)
("C:\Users\Robert-Asus\AppData\Local\Programs\MiKTeX 2.9\tex/latex/oberdiek\kvo
ptions.sty"
Package: kvoptions 2016/05/16 v3.12 Key value format for package options (HO)
)
\@linkdim=\dimen148
\Hy@linkcounter=\count272
\Hy@pagecounter=\count273

("C:\Users\Robert-Asus\AppData\Local\Programs\MiKTeX 2.9\tex/latex/hyperref\pd1
enc.def"
File: pd1enc.def 2018/11/30 v6.88e Hyperref: PDFDocEncoding definition (HO)
)
\Hy@SavedSpaceFactor=\count274

("C:\Users\Robert-Asus\AppData\Local\Programs\MiKTeX 2.9\tex/latex/00miktex\hyp
erref.cfg"
File: hyperref.cfg 2002/06/06 v1.2 hyperref configuration of TeXLive
)
Package hyperref Info: Hyper figures OFF on input line 4519.
Package hyperref Info: Link nesting OFF on input line 4524.
Package hyperref Info: Hyper index ON on input line 4527.
Package hyperref Info: Plain pages OFF on input line 4534.
Package hyperref Info: Backreferencing OFF on input line 4539.
Package hyperref Info: Implicit mode ON; LaTeX internals redefined.
Package hyperref Info: Bookmarks ON on input line 4772.
\c@Hy@tempcnt=\count275
("C:\Users\Robert-Asus\AppData\Local\Programs\MiKTeX 2.9\tex/latex/url\url.sty"
\Urlmuskip=\muskip17
Package: url 2013/09/16  ver 3.4  Verb mode for urls, etc.
)
LaTeX Info: Redefining \url on input line 5125.
\XeTeXLinkMargin=\dimen149
\Fld@menulength=\count276
\Field@Width=\dimen150
\Fld@charsize=\dimen151
Package hyperref Info: Hyper figures OFF on input line 6380.
Package hyperref Info: Link nesting OFF on input line 6385.
Package hyperref Info: Hyper index ON on input line 6388.
Package hyperref Info: backreferencing OFF on input line 6395.
Package hyperref Info: Link coloring OFF on input line 6400.
Package hyperref Info: Link coloring with OCG OFF on input line 6405.
Package hyperref Info: PDF/A mode OFF on input line 6410.
LaTeX Info: Redefining \ref on input line 6450.
LaTeX Info: Redefining \pageref on input line 6454.
\Hy@abspage=\count277
\c@Item=\count278
\c@Hfootnote=\count279
)
Package hyperref Info: Driver (autodetected): hxetex.

("C:\Users\Robert-Asus\AppData\Local\Programs\MiKTeX 2.9\tex/latex/hyperref\hxe
tex.def"
File: hxetex.def 2018/11/30 v6.88e Hyperref driver for XeTeX

("C:\Users\Robert-Asus\AppData\Local\Programs\MiKTeX 2.9\tex/latex/hyperref\pue
nc.def"
File: puenc.def 2018/11/30 v6.88e Hyperref: PDF Unicode definition (HO)
)
("C:\Users\Robert-Asus\AppData\Local\Programs\MiKTeX 2.9\tex/generic/oberdiek\s
tringenc.sty"
Package: stringenc 2016/05/16 v1.11 Convert strings between diff. encodings (HO
)
)
\pdfm@box=\box48
\c@Hy@AnnotLevel=\count280
\HyField@AnnotCount=\count281
\Fld@listcount=\count282
\c@bookmark@seq@number=\count283

("C:\Users\Robert-Asus\AppData\Local\Programs\MiKTeX 2.9\tex/latex/oberdiek\rer
unfilecheck.sty"
Package: rerunfilecheck 2016/05/16 v1.8 Rerun checks for auxiliary files (HO)
Package uniquecounter Info: New unique counter `rerunfilecheck' on input line 2
82.
)
\Hy@SectionHShift=\skip52
)
Package hyperref Info: Option `unicode' set `true' on input line 29.

("C:\Users\Robert-Asus\AppData\Local\Programs\MiKTeX 2.9\tex/generic/oberdiek\s
e-ascii-print.def"
File: se-ascii-print.def 2016/05/16 v1.11 stringenc: Printable ASCII characters

)
Package hyperref Info: Option `breaklinks' set `true' on input line 29.

("C:\Users\Robert-Asus\AppData\Local\Programs\MiKTeX 2.9\tex/latex/natbib\natbi
b.sty"
Package: natbib 2010/09/13 8.31b (PWD, AO)
\bibhang=\skip53
\bibsep=\skip54
LaTeX Info: Redefining \cite on input line 694.
\c@NAT@ctr=\count284
)
("C:\Users\Robert-Asus\AppData\Local\Programs\MiKTeX 2.9\tex/latex/graphics\col
or.sty"
Package: color 2016/07/10 v1.1e Standard LaTeX Color (DPC)

("C:\Users\Robert-Asus\AppData\Local\Programs\MiKTeX 2.9\tex/latex/graphics-cfg
\color.cfg"
File: color.cfg 2016/01/02 v1.6 sample color configuration
)
Package color Info: Driver file: xetex.def on input line 147.

("C:\Users\Robert-Asus\AppData\Local\Programs\MiKTeX 2.9\tex/latex/graphics-def
\xetex.def"
File: xetex.def 2017/06/24 v5.0h Graphics/color driver for xetex
))
("C:\Users\Robert-Asus\AppData\Local\Programs\MiKTeX 2.9\tex/latex/fancyvrb\fan
cyvrb.sty"
Package: fancyvrb 2019/01/15
Style option: `fancyvrb' v3.2a <2019/01/15> (tvz)
\FV@CodeLineNo=\count285
\FV@InFile=\read2
\FV@TabBox=\box49
\c@FancyVerbLine=\count286
\FV@StepNumber=\count287
\FV@OutFile=\write3
)
("C:\Users\Robert-Asus\AppData\Local\Programs\MiKTeX 2.9\tex/latex/framed\frame
d.sty"
Package: framed 2011/10/22 v 0.96: framed or shaded text with page breaks
\OuterFrameSep=\skip55
\fb@frw=\dimen152
\fb@frh=\dimen153
\FrameRule=\dimen154
\FrameSep=\dimen155
)
("C:\Users\Robert-Asus\AppData\Local\Programs\MiKTeX 2.9\tex/latex/tools\longta
ble.sty"
Package: longtable 2014/10/28 v4.11 Multi-page Table package (DPC)
\LTleft=\skip56
\LTright=\skip57
\LTpre=\skip58
\LTpost=\skip59
\LTchunksize=\count288
\LTcapwidth=\dimen156
\LT@head=\box50
\LT@firsthead=\box51
\LT@foot=\box52
\LT@lastfoot=\box53
\LT@cols=\count289
\LT@rows=\count290
\c@LT@tables=\count291
\c@LT@chunks=\count292
\LT@p@ftn=\toks23
)
("C:\Users\Robert-Asus\AppData\Local\Programs\MiKTeX 2.9\tex/latex/booktabs\boo
ktabs.sty"
Package: booktabs 2005/04/14 v1.61803 publication quality tables
\heavyrulewidth=\dimen157
\lightrulewidth=\dimen158
\cmidrulewidth=\dimen159
\belowrulesep=\dimen160
\belowbottomsep=\dimen161
\aboverulesep=\dimen162
\abovetopsep=\dimen163
\cmidrulesep=\dimen164
\cmidrulekern=\dimen165
\defaultaddspace=\dimen166
\@cmidla=\count293
\@cmidlb=\count294
\@aboverulesep=\dimen167
\@belowrulesep=\dimen168
\@thisruleclass=\count295
\@lastruleclass=\count296
\@thisrulewidth=\dimen169
)
("C:\Users\Robert-Asus\AppData\Local\Programs\MiKTeX 2.9\tex/latex/graphics\gra
phicx.sty"
Package: graphicx 2017/06/01 v1.1a Enhanced LaTeX Graphics (DPC,SPQR)

("C:\Users\Robert-Asus\AppData\Local\Programs\MiKTeX 2.9\tex/latex/graphics\gra
phics.sty"
Package: graphics 2017/06/25 v1.2c Standard LaTeX Graphics (DPC,SPQR)

("C:\Users\Robert-Asus\AppData\Local\Programs\MiKTeX 2.9\tex/latex/graphics\tri
g.sty"
Package: trig 2016/01/03 v1.10 sin cos tan (DPC)
)
("C:\Users\Robert-Asus\AppData\Local\Programs\MiKTeX 2.9\tex/latex/graphics-cfg
\graphics.cfg"
File: graphics.cfg 2016/06/04 v1.11 sample graphics configuration
)
Package graphics Info: Driver file: xetex.def on input line 99.
)
\Gin@req@height=\dimen170
\Gin@req@width=\dimen171
)
("C:\Users\Robert-Asus\AppData\Local\Programs\MiKTeX 2.9\tex/latex/oberdiek\grf
file.sty"
Package: grffile 2017/06/30 v1.18 Extended file name support for graphics (HO)
Package grffile Info: Option `multidot' is set to `true'.
Package grffile Info: Option `extendedchars' is set to `false'.
Package grffile Info: Option `space' is set to `true'.
Package grffile Info: \Gin@ii of package `graphicx' fixed on input line 494.
)
("C:\Users\Robert-Asus\AppData\Local\Programs\MiKTeX 2.9\tex/latex/parskip\pars
kip.sty"
Package: parskip 2019-01-16 v2.0c non-zero parskip adjustments
)
("C:\Users\Robert-Asus\AppData\Local\Programs\MiKTeX 2.9\tex/latex/titling\titl
ing.sty"
Package: titling 2009/09/04 v2.1d maketitle typesetting
\thanksmarkwidth=\skip60
\thanksmargin=\skip61
\droptitle=\skip62
)
("C:\Users\Robert-Asus\AppData\Local\Programs\MiKTeX 2.9\tex/latex/amscls\amsth
m.sty"
Package: amsthm 2017/10/31 v2.20.4
\thm@style=\toks24
\thm@bodyfont=\toks25
\thm@headfont=\toks26
\thm@notefont=\toks27
\thm@headpunct=\toks28
\thm@preskip=\skip63
\thm@postskip=\skip64
\thm@headsep=\skip65
\dth@everypar=\toks29
)
("C:\Users\Robert-Asus\AppData\Local\Programs\MiKTeX 2.9\tex/latex/float\float.
sty"
Package: float 2001/11/08 v1.3d Float enhancements (AL)
\c@float@type=\count297
\float@exts=\toks30
\float@box=\box54
\@float@everytoks=\toks31
\@floatcapt=\box55
)
("C:\Users\Robert-Asus\AppData\Local\Programs\MiKTeX 2.9\tex/latex/geometry\geo
metry.sty"
Package: geometry 2018/04/16 v5.8 Page Geometry
\Gm@cnth=\count298
\Gm@cntv=\count299
\c@Gm@tempcnt=\count300
\Gm@bindingoffset=\dimen172
\Gm@wd@mp=\dimen173
\Gm@odd@mp=\dimen174
\Gm@even@mp=\dimen175
\Gm@layoutwidth=\dimen176
\Gm@layoutheight=\dimen177
\Gm@layouthoffset=\dimen178
\Gm@layoutvoffset=\dimen179
\Gm@dimlist=\toks32

("C:\Users\Robert-Asus\AppData\Local\Programs\MiKTeX 2.9\tex/xelatex/xetexconfi
g\geometry.cfg"))
\@float@every@exercise=\toks33
\c@exercise=\count301
\@float@every@extrastudy=\toks34
\c@extrastudy=\count302
\@float@every@discussion=\toks35
\c@discussion=\count303
No file bookdown_ebusiness.aux.
\openout1 = `bookdown_ebusiness.aux'.

LaTeX Font Info:    Checking defaults for OML/cmm/m/it on input line 176.
LaTeX Font Info:    ... okay on input line 176.
LaTeX Font Info:    Checking defaults for T1/cmr/m/n on input line 176.
LaTeX Font Info:    ... okay on input line 176.
LaTeX Font Info:    Checking defaults for OT1/cmr/m/n on input line 176.
LaTeX Font Info:    ... okay on input line 176.
LaTeX Font Info:    Checking defaults for OMS/cmsy/m/n on input line 176.
LaTeX Font Info:    ... okay on input line 176.
LaTeX Font Info:    Checking defaults for TU/lmr/m/n on input line 176.
LaTeX Font Info:    ... okay on input line 176.
LaTeX Font Info:    Checking defaults for OMX/cmex/m/n on input line 176.
LaTeX Font Info:    ... okay on input line 176.
LaTeX Font Info:    Checking defaults for U/cmr/m/n on input line 176.
LaTeX Font Info:    ... okay on input line 176.
LaTeX Font Info:    Checking defaults for TS1/cmr/m/n on input line 176.
LaTeX Font Info:    Try loading font information for TS1+cmr on input line 176.


("C:\Users\Robert-Asus\AppData\Local\Programs\MiKTeX 2.9\tex/latex/base\ts1cmr.
fd"
File: ts1cmr.fd 2014/09/29 v2.5h Standard LaTeX font definitions
)
LaTeX Font Info:    ... okay on input line 176.
LaTeX Font Info:    Checking defaults for PD1/pdf/m/n on input line 176.
LaTeX Font Info:    ... okay on input line 176.
LaTeX Font Info:    Checking defaults for PU/pdf/m/n on input line 176.
LaTeX Font Info:    ... okay on input line 176.
LaTeX Info: Redefining \microtypecontext on input line 176.
Package microtype Info: Character protrusion enabled (level 2).
Package microtype Info: Using protrusion set `basicmath'.
Package microtype Info: No adjustment of tracking.
Package microtype Info: No adjustment of spacing.
Package microtype Info: No adjustment of kerning.

("C:\Users\Robert-Asus\AppData\Local\Programs\MiKTeX 2.9\tex/latex/microtype\mt
-LatinModernRoman.cfg"
File: mt-LatinModernRoman.cfg 2013/03/13 v1.0 microtype config. file: Latin Mod
ern Roman (RS)
)
\AtBeginShipoutBox=\box56
Package hyperref Info: Link coloring OFF on input line 176.

("C:\Users\Robert-Asus\AppData\Local\Programs\MiKTeX 2.9\tex/latex/hyperref\nam
eref.sty"
Package: nameref 2016/05/21 v2.44 Cross-referencing by name of section

("C:\Users\Robert-Asus\AppData\Local\Programs\MiKTeX 2.9\tex/generic/oberdiek\g
ettitlestring.sty"
Package: gettitlestring 2016/05/16 v1.5 Cleanup title references (HO)
)
\c@section@level=\count304
)
LaTeX Info: Redefining \ref on input line 176.
LaTeX Info: Redefining \pageref on input line 176.
LaTeX Info: Redefining \nameref on input line 176.
\@outlinefile=\write4
\openout4 = `bookdown_ebusiness.out'.


Package hyperref Warning: Rerun to get /PageLabels entry.

*geometry* detected driver: pdftex
*geometry* verbose mode - [ preamble ] result:
* driver: pdftex
* paper: custom
* layout: <same size as paper>
* layoutoffset:(h,v)=(0.0pt,0.0pt)
* modes: twoside 
* h-part:(L,W,R)=(72.26999pt, 451.68752pt, 72.26999pt)
* v-part:(T,H,B)=(72.26999pt, 650.43001pt, 72.26999pt)
* \paperwidth=596.2275pt
* \paperheight=794.96999pt
* \textwidth=451.68752pt
* \textheight=650.43001pt
* \oddsidemargin=0.0pt
* \evensidemargin=0.0pt
* \topmargin=-30.06749pt
* \headheight=12.0pt
* \headsep=18.06749pt
* \topskip=10.0pt
* \footskip=25.29494pt
* \marginparwidth=125.0pt
* \marginparsep=7.0pt
* \columnsep=10.0pt
* \skip\footins=9.0pt plus 4.0pt minus 2.0pt
* \hoffset=0.0pt
* \voffset=0.0pt
* \mag=1000
* \@twocolumnfalse
* \@twosidetrue
* \@mparswitchtrue
* \@reversemarginfalse
* (1in=72.27pt=25.4mm, 1cm=28.453pt)

LaTeX Font Info:    Try loading font information for OT1+lmr on input line 181.

("C:\Users\Robert-Asus\AppData\Local\Programs\MiKTeX 2.9\tex/latex/lm\ot1lmr.fd
"
File: ot1lmr.fd 2009/10/30 v1.6 Font defs for Latin Modern
)
Package microtype Info: Loading generic protrusion settings for font family
(microtype)             `lmr' (encoding: OT1).
(microtype)             For optimal results, create family-specific settings.
(microtype)             See the microtype manual for details.
LaTeX Font Info:    Try loading font information for OML+lmm on input line 181.

("C:\Users\Robert-Asus\AppData\Local\Programs\MiKTeX 2.9\tex/latex/lm\omllmm.fd
"
File: omllmm.fd 2009/10/30 v1.6 Font defs for Latin Modern
)
LaTeX Font Info:    Try loading font information for OMS+lmsy on input line 181
.

("C:\Users\Robert-Asus\AppData\Local\Programs\MiKTeX 2.9\tex/latex/lm\omslmsy.f
d"
File: omslmsy.fd 2009/10/30 v1.6 Font defs for Latin Modern
)
LaTeX Font Info:    Try loading font information for OMX+lmex on input line 181
.

("C:\Users\Robert-Asus\AppData\Local\Programs\MiKTeX 2.9\tex/latex/lm\omxlmex.f
d"
File: omxlmex.fd 2009/10/30 v1.6 Font defs for Latin Modern
)
LaTeX Font Info:    External font `lmex10' loaded for size
(Font)              <10> on input line 181.
LaTeX Font Info:    External font `lmex10' loaded for size
(Font)              <7> on input line 181.
LaTeX Font Info:    External font `lmex10' loaded for size
(Font)              <5> on input line 181.
LaTeX Font Info:    Try loading font information for U+msa on input line 181.

("C:\Users\Robert-Asus\AppData\Local\Programs\MiKTeX 2.9\tex/latex/amsfonts\ums
a.fd"
File: umsa.fd 2013/01/14 v3.01 AMS symbols A
)
("C:\Users\Robert-Asus\AppData\Local\Programs\MiKTeX 2.9\tex/latex/microtype\mt
-msa.cfg"
File: mt-msa.cfg 2006/02/04 v1.1 microtype config. file: AMS symbols (a) (RS)
)
LaTeX Font Info:    Try loading font information for U+msb on input line 181.

("C:\Users\Robert-Asus\AppData\Local\Programs\MiKTeX 2.9\tex/latex/amsfonts\ums
b.fd"
File: umsb.fd 2013/01/14 v3.01 AMS symbols B
)
("C:\Users\Robert-Asus\AppData\Local\Programs\MiKTeX 2.9\tex/latex/microtype\mt
-msb.cfg"
File: mt-msb.cfg 2005/06/01 v1.0 microtype config. file: AMS symbols (b) (RS)
)
File: images/cover11.png Graphic file (type bmp)
<images/cover11.png>
[1

] [2

]
File: images/payap.png Graphic file (type bmp)
<images/payap.png>
[1] [2]
\tf@toc=\write5
\openout5 = `bookdown_ebusiness.toc'.

[-1

] [0

]
File: images/cover11.png Graphic file (type bmp)
<images/cover11.png>
[1] [2

]
File: images/door.jpg Graphic file (type bmp)
<images/door.jpg>
[3]
Underfull \hbox (badness 10000) in paragraph at lines 265--266

 []


Package fontspec Info: [THSarabunNew:script=thai] scale = 1.267648616384379.


Package fontspec Info: [THSarabunNew:script=thai] scale = 1.267648616384379.


Package fontspec Info: [THSarabunNew:script=thai]/B scale = 1.267648616384379.


Package fontspec Info: [THSarabunNew:script=thai]/I scale = 1.267648616384379.


Package fontspec Info: [THSarabunNew:script=thai]/BI scale =
(fontspec)             1.267648616384379.


Package fontspec Info: Font family '[THSarabunNew.ttf:script=thai](0)' created
(fontspec)             for font '[THSarabunNew.ttf:script=thai]' with options
(fontspec)             [Ligatures=TeX,Scale=MatchLowercase,Scale=1.3].
(fontspec)              
(fontspec)              This font family consists of the following NFSS
(fontspec)             series/shapes:
(fontspec)              
(fontspec)             - 'normal' (m/n) with NFSS spec.:
(fontspec)             <->s*[1.3]"[THSarabunNew:script=thai].ttf/OT:script=latn
;language=DFLT;mapping=tex-text;"
(fontspec)             - 'small caps'  (m/sc) with NFSS spec.: 
(fontspec)             - 'bold' (bx/n) with NFSS spec.:
(fontspec)             <->s*[1.3]"[THSarabunNew:script=thai]/B.ttf/OT:script=la
tn;language=DFLT;mapping=tex-text;"
(fontspec)             - 'bold small caps'  (bx/sc) with NFSS spec.: 
(fontspec)             - 'italic' (m/it) with NFSS spec.:
(fontspec)             <->s*[1.3]"[THSarabunNew:script=thai]/I.ttf/OT:script=la
tn;language=DFLT;mapping=tex-text;"
(fontspec)             - 'italic small caps'  (m/itsc) with NFSS spec.: 
(fontspec)             - 'bold italic' (bx/it) with NFSS spec.:
(fontspec)             <->s*[1.3]"[THSarabunNew:script=thai]/BI.ttf/OT:script=l
atn;language=DFLT;mapping=tex-text;"
(fontspec)             - 'bold italic small caps'  (bx/itsc) with NFSS spec.: 

LaTeX Font Info:    Font shape `TU/[THSarabunNew.ttf:script=thai](0)/m/n' will 
be
(Font)              scaled to size 13.00003pt on input line 267.

Underfull \hbox (badness 10000) in paragraph at lines 267--268

 []

[4] [5]

Package natbib Warning: Citation `R-bookdown' on page vi undefined on input lin
e 286.


Package natbib Warning: Citation `Xie2015' on page vi undefined on input line 2
86.


Package natbib Warning: Citation `YED2018' on page vi undefined on input line 2
89.

[6]

Package fontspec Info: [THSarabunNew Bold:script=thai] scale =
(fontspec)             1.305885415264202.


Package fontspec Info: [THSarabunNew Bold:script=thai] scale =
(fontspec)             1.305885415264202.


Package fontspec Info: [THSarabunNew Bold:script=thai]/B scale =
(fontspec)             1.305885415264202.


Package fontspec Info: [THSarabunNew Bold:script=thai]/I scale =
(fontspec)             1.305885415264202.


Package fontspec Info: [THSarabunNew Bold:script=thai]/BI scale =
(fontspec)             1.305885415264202.


Package fontspec Info: Font family '[THSarabunNewBold.ttf:script=thai](0)'
(fontspec)             created for font '[THSarabunNew Bold.ttf:script=thai]'
(fontspec)             with options
(fontspec)             [Ligatures=TeX,Scale=MatchLowercase,Scale=1.3].
(fontspec)              
(fontspec)              This font family consists of the following NFSS
(fontspec)             series/shapes:
(fontspec)              
(fontspec)             - 'normal' (m/n) with NFSS spec.:
(fontspec)             <->s*[1.3]"[THSarabunNew
(fontspec)             Bold:script=thai].ttf/OT:script=latn;language=DFLT;mappi
ng=tex-text;"
(fontspec)             - 'small caps'  (m/sc) with NFSS spec.: 
(fontspec)             - 'bold' (bx/n) with NFSS spec.:
(fontspec)             <->s*[1.3]"[THSarabunNew
(fontspec)             Bold:script=thai]/B.ttf/OT:script=latn;language=DFLT;map
ping=tex-text;"
(fontspec)             - 'bold small caps'  (bx/sc) with NFSS spec.: 
(fontspec)             - 'italic' (m/it) with NFSS spec.:
(fontspec)             <->s*[1.3]"[THSarabunNew
(fontspec)             Bold:script=thai]/I.ttf/OT:script=latn;language=DFLT;map
ping=tex-text;"
(fontspec)             - 'italic small caps'  (m/itsc) with NFSS spec.: 
(fontspec)             - 'bold italic' (bx/it) with NFSS spec.:
(fontspec)             <->s*[1.3]"[THSarabunNew
(fontspec)             Bold:script=thai]/BI.ttf/OT:script=latn;language=DFLT;ma
pping=tex-text;"
(fontspec)             - 'bold italic small caps'  (bx/itsc) with NFSS spec.: 

LaTeX Font Info:    Font shape `TU/[THSarabunNewBold.ttf:script=thai](0)/bx/n' 
will be
(Font)              scaled to size 13.00003pt on input line 303.

Package fontspec Info: [THSarabunNew:script=thai] scale = 1.267648616384379.

[7

] [8]
Chapter 1.
File: images/keybusinesscomponents.png Graphic file (type bmp)
<images/keybusinesscomponents.png>
[1


]
File: images/checklist.png Graphic file (type bmp)
<images/checklist.png>
File: images/businessprocess.png Graphic file (type bmp)
<images/businessprocess.png>
File: images/checklist.png Graphic file (type bmp)
<images/checklist.png>
[2]
File: images/checklist.png Graphic file (type bmp)
<images/checklist.png>

Package natbib Warning: Citation `Hohpe2017a' on page 3 undefined on input line
 458.


Package natbib Warning: Citation `Hohpe2017b' on page 3 undefined on input line
 458.

[3]

Package longtable Warning: Column widths have changed
(longtable)                in table 1.2 on input line 497.


Overfull \hbox (9.02254pt too wide) in alignment at lines 508--514
 [] [] [] [] [] 
 []


Package longtable Warning: Column widths have changed
(longtable)                in table 1.3 on input line 514.


Package natbib Warning: Citation `Ross2006' on page 4 undefined on input line 5
16.

[4]
File: images/businessdepts.png Graphic file (type bmp)
<images/businessdepts.png>
File: images/study.png Graphic file (type bmp)
<images/study.png>
File: images/study.png Graphic file (type bmp)
<images/study.png>
File: images/communication.png Graphic file (type bmp)
<images/communication.png>
[5] [6] [7]

Package longtable Warning: Column widths have changed
(longtable)                in table 1.5 on input line 720.


Package natbib Warning: Citation `ISOweb' on page 8 undefined on input line 725
.


Package natbib Warning: Citation `ISO2015' on page 8 undefined on input line 72
5.

File: images/discuss.png Graphic file (type bmp)
<images/discuss.png>
File: images/checklist.png Graphic file (type bmp)
<images/checklist.png>

Package natbib Warning: Citation `Gates1999' on page 8 undefined on input line 
781.


Package natbib Warning: Citation `ISO2015' on page 8 undefined on input line 78
6.


Package natbib Warning: Citation `Whitehurst2015' on page 8 undefined on input 
line 786.

[8]

Package natbib Warning: Citation `Whitehurst2019' on page 9 undefined on input 
line 825.

File: images/openorg.png Graphic file (type bmp)
<images/openorg.png>

Package natbib Warning: Citation `OOA2017' on page 9 undefined on input line 85
9.


Overfull \vbox (133.5819pt too high) has occurred while \output is active []

[9]
File: images/study.png Graphic file (type bmp)
<images/study.png>

Package natbib Warning: Citation `Short2017' on page 10 undefined on input line
 875.

File: images/study.png Graphic file (type bmp)
<images/study.png>

Package natbib Warning: Citation `SNYCYC2019' on page 10 undefined on input lin
e 901.


Package natbib Warning: Citation `Tan2019' on page 10 undefined on input line 9
01.


Overfull \hbox (9.3976pt too wide) in alignment at lines 907--914
 [] [] [] 
 []


Package longtable Warning: Column widths have changed
(longtable)                in table 1.7 on input line 914.


Package longtable Warning: Column widths have changed
(longtable)                in table 1.8 on input line 934.

File: images/discuss.png Graphic file (type bmp)
<images/discuss.png>
File: images/discuss.png Graphic file (type bmp)
<images/discuss.png>

Package natbib Warning: Citation `Amazon2016' on page 10 undefined on input lin
e 990.

File: images/discuss.png Graphic file (type bmp)
<images/discuss.png>

Package natbib Warning: Citation `Suriywong2018' on page 10 undefined on input 
line 997.


Package natbib Warning: Citation `Statista2019' on page 10 undefined on input l
ine 1003.


Overfull \vbox (312.06119pt too high) has occurred while \output is active []

[10] [11]
File: 10-GeneralPrinciples_files/figure-latex/unnamed-chunk-2-1.pdf Graphic fil
e (type pdf)
<use 10-GeneralPrinciples_files/figure-latex/unnamed-chunk-2-1.pdf>
File: images/discuss.png Graphic file (type bmp)
<images/discuss.png>
[12]
File: 10-GeneralPrinciples_files/figure-latex/unnamed-chunk-3-1.pdf Graphic fil
e (type pdf)
<use 10-GeneralPrinciples_files/figure-latex/unnamed-chunk-3-1.pdf>

Package longtable Warning: Column widths have changed
(longtable)                in table 1.9 on input line 1039.


Overfull \vbox (82.79391pt too high) has occurred while \output is active []

[13]

Package longtable Warning: Column widths have changed
(longtable)                in table 1.10 on input line 1072.

File: images/ecommercefunctions.png Graphic file (type bmp)
<images/ecommercefunctions.png>

Package natbib Warning: Citation `Saleh2019' on page 14 undefined on input line
 1083.

[14]
File: images/discuss.png Graphic file (type bmp)
<images/discuss.png>
[15] [16

]
Chapter 2.
File: images/jogetprocess.png Graphic file (type bmp)
<images/jogetprocess.png>

Underfull \hbox (badness 10000) in paragraph at lines 1201--1201
[][]
 []

[17]

Package natbib Warning: Citation `Camunda2018a' on page 18 undefined on input l
ine 1211.


Package natbib Warning: Citation `YED2018' on page 18 undefined on input line 1
216.


Package natbib Warning: Citation `Camunda2018b' on page 18 undefined on input l
ine 1216.

File: images/simpleBPM.png Graphic file (type bmp)
<images/simpleBPM.png>
[18]
File: images/yedpalette.png Graphic file (type bmp)
<images/yedpalette.png>
File: images/cawemopalette.png Graphic file (type bmp)
<images/cawemopalette.png>
File: images/start-event.png Graphic file (type bmp)
<images/start-event.png>
File: images/end-event.png Graphic file (type bmp)
<images/end-event.png>
File: images/event-message-catch.png Graphic file (type bmp)
<images/event-message-catch.png>
File: images/event-message-throw.png Graphic file (type bmp)
<images/event-message-throw.png>
File: images/task.png Graphic file (type bmp)
<images/task.png>
File: images/xor-gateway.png Graphic file (type bmp)
<images/xor-gateway.png>
File: images/parallel-gateway.png Graphic file (type bmp)
<images/parallel-gateway.png>
File: images/swimlanes.png Graphic file (type bmp)
<images/swimlanes.png>

Package longtable Warning: Column widths have changed
(longtable)                in table 2.1 on input line 1295.

[19]
File: images/orderfulfillment.png Graphic file (type bmp)
<images/orderfulfillment.png>
File: images/bookckout.png Graphic file (type bmp)
<images/bookckout.png>
File: images/pizza.png Graphic file (type bmp)
<images/pizza.png>
File: images/pizza2.png Graphic file (type bmp)
<images/pizza2.png>
File: images/checklist.png Graphic file (type bmp)
<images/checklist.png>
File: images/cutgrass.png Graphic file (type bmp)
<images/cutgrass.png>

Package natbib Warning: Citation `BPSSimulator2018' on page 20 undefined on inp
ut line 1382.

File: images/function.png Graphic file (type bmp)
<images/function.png>
File: images/resource.png Graphic file (type bmp)
<images/resource.png>
File: images/generator.png Graphic file (type bmp)
<images/generator.png>
File: images/checkpoint.png Graphic file (type bmp)
<images/checkpoint.png>
File: images/event.png Graphic file (type bmp)
<images/event.png>
File: images/regulate.png Graphic file (type bmp)
<images/regulate.png>
File: images/input.png Graphic file (type bmp)
<images/input.png>
File: images/output.png Graphic file (type bmp)
<images/output.png>
File: images/procedure.png Graphic file (type bmp)
<images/procedure.png>
File: images/comment.png Graphic file (type bmp)
<images/comment.png>
[20] [21] [22] [23]
File: images/exmodeling5.png Graphic file (type bmp)
<images/exmodeling5.png>
File: images/bpsim2.png Graphic file (type bmp)
<images/bpsim2.png>
File: images/bpsim3.png Graphic file (type bmp)
<images/bpsim3.png>
File: images/gaspump.png Graphic file (type bmp)
<images/gaspump.png>
File: images/gaspumpsim.png Graphic file (type bmp)
<images/gaspumpsim.png>
[24] [25] [26] [27]
File: images/gaspumpdash.png Graphic file (type bmp)
<images/gaspumpdash.png>
File: images/checklist.png Graphic file (type bmp)
<images/checklist.png>
File: images/odooerp.png Graphic file (type bmp)
<images/odooerp.png>
LaTeX Font Info:    External font `lmex10' loaded for size
(Font)              <8> on input line 1542.
LaTeX Font Info:    External font `lmex10' loaded for size
(Font)              <6> on input line 1542.
File: images/softwaresystems.png Graphic file (type bmp)
<images/softwaresystems.png>

Overfull \vbox (290.34096pt too high) has occurred while \output is active []

[28] [29]
File: images/mvc.png Graphic file (type bmp)
<images/mvc.png>
[30]
LaTeX Font Info:    Font shape `TU/lmtt/bx/n' in size <10> not available
(Font)              Font shape `TU/lmtt/b/n' tried instead on input line 1600.
[31]

Package natbib Warning: Citation `Cucumber2019a' on page 32 undefined on input 
line 1758.


Package natbib Warning: Citation `Cucumber2019b' on page 32 undefined on input 
line 1758.

[32] [33] [34

]
Chapter 3.
File: images/ebusiness.png Graphic file (type bmp)
<images/ebusiness.png>
[35]

Package natbib Warning: Citation `Simon1955' on page 36 undefined on input line
 1849.


Package natbib Warning: Citation `Dewey1910' on page 36 undefined on input line
 1849.

File: images/purchase.png Graphic file (type bmp)
<images/purchase.png>
File: images/onlinesales.png Graphic file (type bmp)
<images/onlinesales.png>

Underfull \vbox (badness 6741) has occurred while \output is active []

[36]
File: images/study.png Graphic file (type bmp)
<images/study.png>
[37]
File: images/wordcloud.png Graphic file (type bmp)
<images/wordcloud.png>
File: images/checklist.png Graphic file (type bmp)
<images/checklist.png>

Package natbib Warning: Citation `Belbin2010' on page 38 undefined on input lin
e 2080.


Package natbib Warning: Citation `Fisher1998' on page 38 undefined on input lin
e 2083.

[38] [39]

Package longtable Warning: Column widths have changed
(longtable)                in table 3.2 on input line 2097.

[40]
Underfull \vbox (badness 10000) has occurred while \output is active []

[41]

Package longtable Warning: Column widths have changed
(longtable)                in table 3.5 on input line 2265.


Package natbib Warning: Citation `Tieger2014' on page 42 undefined on input lin
e 2267.

[42] [43]

Package natbib Warning: Citation `Hofstede2010' on page 44 undefined on input l
ine 2328.


Underfull \hbox (badness 10000) in paragraph at lines 2341--2343

 []


Package natbib Warning: Citation `MSG2018' on page 44 undefined on input line 2
349.

[44]
File: images/checklist.png Graphic file (type bmp)
<images/checklist.png>
[45]
File: images/checklist.png Graphic file (type bmp)
<images/checklist.png>

Package natbib Warning: Citation `Kaggle2017' on page 46 undefined on input lin
e 2482.


! LaTeX Error: Bad math environment delimiter.

See the LaTeX manual or LaTeX Companion for explanation.
Type  H <return>  for immediate help.
 ...                                              
                                                  
l.2539 \[\begin{equation}
                          
Here is how much of TeX's memory you used:
 24632 strings out of 427748
 448992 string characters out of 3145878
 588517 words of memory out of 3000000
 28354 multiletter control sequences out of 15000+200000
 553244 words of font info for 85 fonts, out of 3000000 for 9000
 1328 hyphenation exceptions out of 8191
 81i,9n,117p,1225b,536s stack positions out of 5000i,500n,10000p,200000b,50000s

Output written on bookdown_ebusiness.pdf (59 pages).
